      Timing level               3
      Hessian Limited Memory
      LU Partial Pivoting
      Verify Level              -1
      Cold Start
      Iteration Limit         1000000
      Major Iterations Limit          100000
      Minor Iterations Limit          100000
      Major Optimality Tolerance  1.00000000E-06
      Major Feasibility Tolerance  2.00000000E-06
1
 
 Parameters
 ==========

 Files
 -----
 Solution file..........         0       Old basis file ........         0       Standard input.........         5
 Insert file............         0       New basis file ........         0       (Printer)..............         9
 Punch file.............         0       Backup basis file......         0       (Specs file)...........         0
 Load file..............         0       Dump file..............         0       Standard output........         6

 Frequencies
 -----------
 Print frequency........       100       Check frequency........        60       Save new basis map.....       100
 Summary frequency......       100       Factorization frequency        50       Expand frequency.......     10000

 QP subproblems
 --------------
 QPsolver Cholesky......
 Scale tolerance........      .900       Minor feasibility tol..  1.00E-06       Iteration limit........   1000000
 Scale option...........         0       Minor optimality  tol..  5.00E-07       Minor print level......         1
 Crash tolerance........      .100       Pivot tolerance........  3.25E-11       Partial price..........         1
 Crash option...........         3       Elastic weight.........  1.00E+04       Prtl price section ( A)      5432
                                         New superbasics........        99       Prtl price section (-I)      6199

 Conjugate-gradient QP solver
 ----------------------------
 Subspace tolerance.....    .10000       CG tolerance...........  1.00E-02       CG Iterations..........       100
                                                                                 CG preconditioning.....         0

 The SQP Method
 --------------
 Minimize...............                 Cold start.............                 Proximal Point method..         1
 Nonlinear objectiv vars      5432       Objective Row..........         1       Function precision.....  3.00E-13
 Unbounded step size....  1.00E+20       Superbasics limit......      5432       Difference interval....  5.48E-07
 Unbounded objective....  1.00E+15       Reduced Hessian dim....      2000       Central difference int.  6.70E-05
 Major step limit.......  2.00E+00       Derivative linesearch..                 Derivative option......         1
 Major iterations limit.    100000       Linesearch tolerance...    .90000       Verify level...........        -1
 Minor iterations limit.    100000       Penalty parameter......  0.00E+00       Major Print Level......         1
                                         Major optimality tol...  1.00E-06

 Hessian Approximation
 ---------------------
 Limited-Memory Hessian.                 Hessian updates........        10       Hessian frequency......  99999999
                                                                                 Hessian flush..........  99999999

 Nonlinear constraints
 ---------------------
 Nonlinear constraints..      6191       Major feasibility tol..  2.00E-06       Violation limit........  1.00E+06
 Nonlinear Jacobian vars      5432

 Miscellaneous
 -------------
 LU factor tolerance....      3.99       LU singularity tol.....  3.25E-11       Timing level...........         0
 LU update tolerance....      3.99       LU swap tolerance......  1.22E-04       Debug level............         0
 LU partial  pivoting...                 eps (machine precision)  2.22E-16       System information.....        No
                                                                                 Sticky parameters......       Yes
1
 

 

 Matrix statistics
 -----------------
               Total      Normal        Free       Fixed     Bounded
 Rows           6199           0           1        3878        2320
 Columns        5432           0           0          17        5415

 No. of matrix elements                87168     Density        .259
 Biggest  constant element        1.0000E+00  (excluding fixed columns,
 Smallest constant element        1.0000E+00   free rows, and RHS)

 No. of objective coefficients             0

 Nonlinear constraints    6191     Linear constraints       8
 Nonlinear variables      5432     Linear variables         0
 Jacobian  variables      5432     Objective variables   5432
 Total constraints        6199     Total variables       5432
1
 

 
 The user has defined   76876   out of   76876   first  derivatives
1
 

    Itn       LPmult  LPstep   nInf   SumInf             LPobjective   +SBS   -SBS    -BS    Pivot     L+U ncp
    100      1.9E+04 2.0E-02   1690  6.2E+03                            833    833   6268  7.9E+01   14223
    200     -1.6E+03 4.3E-04   1595  3.1E+03                           1227   1227   6657 -8.8E+02   14800
    300      1.3E+03 6.6E-04   1501  2.6E+03                           1051   1051   6477 -1.1E+03   15443
    400      7.2E+02 8.4E-03   1402  2.2E+03                            702    702   6131 -3.6E+02   16325
    500     -8.6E+02 2.5E-02   1302  1.7E+03                             77     77   5511  3.4E+02   17065
    600     -7.5E+02 5.0E-13   1220  1.4E+03                           1393   1393   6824  9.7E+01   17909
    700      5.0E+02 8.9E-04   1149  1.3E+03                           1004   1004   5921 -1.9E+02   19005
    800      2.3E+02 5.1E-03   1067  1.0E+03                            307    307   5768  2.4E+01   19782
    900     -1.5E+02 3.6E-03    980  5.9E+02                           1521   1521   6952  1.1E+02   20467
   1000      1.1E+02 2.2E-03    888  4.2E+02                           4122   4122  10125  4.5E+01   21182
   1100      8.7E+01 4.8E-07    782  3.5E+02                           3831   3831   9768 -3.2E+01   22032
   1200     -1.9E+04 4.9E-07    682  3.3E+02                           4314   4314  10313 -2.6E+01   24435
   1300     -1.8E+05 7.3E-13    583  3.0E+02                           4900   4900  11490  6.7E+01   25529
   1400      9.8E+01 4.6E-04    488  2.7E+02                           4577   4577  10628  2.3E+01   26741
   1500      3.6E+01 1.2E-02    397  2.4E+02                           2555   2555         1.0E+00   27417
   1600     -3.4E+02 2.7E-06    349  2.3E+02                           4195   4195  10192  1.1E+01   31374
   1700     -1.1E+02 3.6E-02    262  1.7E+02                            509    509   3153  3.5E+01   32500
   1800     -5.0E+01 9.1E-05    205  1.2E+02                           1713   1713   9207 -2.5E+01   34829
   1900     -2.2E+01 2.5E-04    133  7.6E+01                           2090   2090   3125 -8.3E+01   36012
   2000      2.8E+01 7.6E-03     55  4.3E+01                           1746   1746   9240  1.2E+01   36984
   2100      2.5E-01 2.6E-02      8  1.0E+00                           2474   2474   2060  1.5E-01   38963
   2200      1.3E-01 1.2E-02      8  5.9E-01                           2482   2482   2483 -1.8E+00   40191
   2300      3.7E-02 4.9E-11      8  2.6E-01                           2549   2549         1.0E+00   40472
   2400      1.0E-03 1.6E-01      6  1.0E-01                           2147   2147   3178  2.4E+01   41878
   2500     -2.3E-01 1.1E-03      6  9.3E-02                           9037   9037   9555  5.6E+01   42314
   2600     -1.8E-03 4.1E+00      6  9.0E-02                           5209   5209   2238  4.9E-03   42588
   2700     -9.5E-01 1.4E-04      6  8.4E-02                           1705   1705   4092  1.1E+04   42678
   2800     -2.8E-04 4.4E+01      6  8.0E-02                           9083   9083   1636  1.8E-01   43044
   2900     -7.2E-02 1.4E-02      6  7.6E-02                           2219   2219   3050 -9.9E+00   42124
   3000     -5.0E-02 1.7E-02      5  7.5E-02                           2070   2070   3137  9.6E+01   42446
   3100     -5.8E-22 7.8E-01      5  7.5E-02                           3984   3984  10057 -1.0E+00   42577
   3200              9.9E-02      5  7.5E-02                           5032   5032  11339  2.5E-04   42861
   3300              1.0E+00      6  7.5E-02  4.5E-14  3.0101096E+03                                 44269         1 7.3E+05
   3400     -4.1E+04 7.7E-02      6  9.3E-02           2.7579362E+03   1705   1705   2005 -7.8E+00   44193
   3500     -5.2E+03 2.2E-02      6  9.4E-02  4.8E-12  2.6417105E+03   8536   8536   1630  4.2E+00   44974         5 7.4E+05
   3600              9.7E-01      6  9.5E-02  7.0E-03  2.6107662E+03          2152   9320 -1.7E+00   45492        24 2.0E+03
   3700      8.1E-01 4.0E-01      6  9.5E-02  4.2E-01  2.5941953E+03   4039   4039   4100  1.8E+00   45102        36 4.4E+03
   3800              1.6E-02      6  9.5E-02  7.2E-11  2.5791712E+03          4426   4038 -5.1E+00   45981        50 8.9E+03
   3900              3.0E-01      6  9.5E-02  3.0E-01  2.5749051E+03          2121   2117  8.8E-01   44847        58 4.4E+03
   4000      7.4E+01 1.0E+00      6  9.5E-02  2.2E-13  2.5699175E+03   4868                          45138        71 2.2E+07

    Itn       QPmult  QPstep   nInf   SumInf   rgNorm  Elastic QPobj   +SBS   -SBS    -BS    Pivot     L+U ncp    nS  condHz
   4100      5.8E+00 1.0E+00      6  9.4E-02  8.2E-13  2.5575635E+03   4868                          45613        85 2.2E+07
   4200     -1.4E+00 1.0E+00      6  9.4E-02  4.3E-13  2.5445230E+03   2254                          43736       104 1.9E+08
   4300     -1.9E-01 6.3E-01      6  9.4E-02  3.1E-01  2.5264651E+03   4427   4427   4323 -2.5E-02   44071       122 4.9E+06
   4400      1.7E-01 2.9E-02      6  9.4E-02  1.6E-01  2.5127541E+03   3517   2486         2.0E-01   43567       129 5.4E+06
   4500              1.0E+00      6  9.4E-02  6.1E-12  2.5022813E+03                                 42232       153 9.3E+06
   4600      1.2E-01 9.5E-01      6  9.4E-02  3.2E-08  2.4932999E+03   5343   5343   5071 -3.6E-02   42851       176 4.5E+05
 

   Itns Major Minors    Step   nCon Feasible  Optimal  MeritFunction     L+U BSwap     nS  condHz Penalty
   4682     0   4682              1  2.7E+00  1.0E+00  6.3506484E+08   43262          165 4.5E+05         _  r iT

    Itn       LPmult  LPstep   nInf   SumInf           Elastic LPobj   +SBS   -SBS    -BS    Pivot     L+U ncp    nS
   4782              2.7E-01     85  2.2E+02  4.3E-01                         3257   3258  1.6E+00   43049        65
   4882      2.7E+03 1.0E-08     83  9.0E+01  1.6E-04                  9030   9030   9029 -1.0E+00   45886         1
   4982     -4.4E+01 9.3E-08     58  7.0E+00                           9002   9002   9005 -1.0E+00   44519
   5082      2.4E+06 8.9E-04     12  2.2E-01           3.0317654E+05   8545   8545   8546            41511
   5182              1.0E-01     11  3.9E-01  4.7E+01  1.9569155E+05          2119   9013  2.1E+00   43107         2 1.6E+01
   5282              1.0E+00      9  1.7E-01  4.7E-11  1.6319523E+05                                 42914        40 4.7E+04
   5382     -3.3E+03 4.8E-01      9  1.7E-01  1.7E+03  1.5033632E+05   9020   9011   2549  4.7E+01   43645        83 6.6E+05
   5482              1.0E+00     10  1.7E-01  1.4E-08  1.3048288E+05                                 43906        95 3.1E+08
   5582      6.6E+02 9.0E-01      9  1.7E-01  6.9E+01  1.0985851E+05   3103   8988         3.1E-04   43057       107 2.8E+05
   5682      5.7E+02 3.2E-01     10  1.7E-01  3.9E+02  8.7461440E+04   3227   2198         1.2E-01   43296       122 2.9E+05
   5782     -6.4E+02 1.0E+00     10  1.6E-01  4.5E-07  6.9140152E+04   2358                          44490       145 2.3E+03
   5882              1.0E+00     10  1.6E-01  5.0E-09  5.9659128E+04                                 44942       157 8.7E+05
   5982              8.0E-01     10  1.6E-01  3.7E+01  4.5278317E+04          3562   2151 -4.1E-02   43970       186 6.5E+02
   6082     -2.6E+02 4.8E-01     10  1.6E-01  1.3E+02  3.6706563E+04   3173   3161   2131  3.7E-02   44645       209 1.6E+07
   6182              1.0E+00     10  1.6E-01  1.5E-10  2.8272296E+04                                 45140       263 2.5E+04
   6282              1.0E+00      9  1.6E-01  4.0E-10  2.6248997E+04                                 44915       288 1.0E+04
   6382     -2.7E+02 1.0E+00      9  1.6E-01  4.3E-10  2.4906963E+04   1610                          45682       319 6.8E+03
   6482              2.0E-01      9  1.6E-01  9.7E-02  2.3377565E+04          2739   1705 -4.2E-02   43427       374 1.7E+02
   6582     -2.3E+02 1.0E+00      9  1.6E-01  2.4E-10  2.2618826E+04   8988                          44116       424 3.1E+05
   6682     -2.8E+01 1.0E+00      9  1.6E-01  3.7E-10  2.2221599E+04   9142                          44566       483 3.1E+05

   Itns Major Minors    Step   nCon Feasible  Optimal  MeritFunction     L+U BSwap     nS  condHz Penalty
   6766     1   2084 5.0E-02      2  2.5E+00  1.0E+00  6.0329940E+08   44695          562 3.1E+05         _n rliT

    Itn       QPmult  QPstep   nInf   SumInf   rgNorm  Elastic QPobj   +SBS   -SBS    -BS    Pivot     L+U ncp    nS  condHz
   6866     -1.8E+01 1.0E+00      9  1.4E-01  1.0E-08  4.6115173E+03   2367                          43380       584 3.0E+06

   Itns Major Minors    Step   nCon Feasible  Optimal  MeritFunction     L+U BSwap     nS  condHz Penalty
   6914     2    148 1.3E-01      4  2.2E+00  1.0E+00  5.2541265E+08   43586   213    616 3.0E+06         _sm li

    Itn       QPmult  QPstep   nInf   SumInf   rgNorm  Elastic QPobj   +SBS   -SBS    -BS    Pivot     L+U ncp    nS  condHz
   7014              2.3E-02     21  1.4E-01  5.2E+01  5.3806768E+03          4445   4338  4.0E-02   43752       517 1.8E+01
   7114              1.0E+00      9  1.1E-01  1.9E-12  4.3168951E+03                                 42800       442 1.9E+02
   7214              1.0E+00      8  1.0E-01  8.4E-10  3.5104099E+03                                 41858       463 2.6E+05
   7314              1.0E+00      8  1.0E-01  7.9E-13  2.5761618E+03                                 41920       505 2.6E+05
   7414              2.5E-01      8  1.0E-01  3.5E+00  2.5080368E+03          9208   1715 -9.0E-02   41982       557 2.6E+05
   7514              1.0E+00      8  1.0E-01  3.0E-12  2.4868558E+03                                 41935       612 2.6E+05

   Itns Major Minors    Step   nCon Feasible  Optimal  MeritFunction     L+U BSwap     nS  condHz Penalty
   7546     3    632 1.0E+00      6  2.0E-02  1.3E-01  2.5296772E+03   41935   123    629 2.6E+05         _ m  i
   7589     4     43 1.0E+00      7  5.6E-03  6.8E-02  2.4269529E+03   42688          628 2.6E+05 5.8E+00 _    i
   7612     5     23 1.0E+00      9  1.7E-03  2.1E-02  2.3933421E+03   42121          640 9.6E+05 5.8E+00 _ m  i

    Itn       QPmult  QPstep   nInf   SumInf   rgNorm  Elastic QPobj   +SBS   -SBS    -BS    Pivot     L+U ncp    nS  condHz
   7712      5.7E-01 1.0E+00      7  9.7E-02  7.8E-13  2.3649743E+03   5233                          42874       681 2.3E+05

   Itns Major Minors    Step   nCon Feasible  Optimal  MeritFunction     L+U BSwap     nS  condHz Penalty
   7728     6    116 1.0E+00     11  1.5E-03  1.1E-02  2.3823757E+03   42874          696 2.3E+05 5.8E+00 _ m  i

    Itn       QPmult  QPstep   nInf   SumInf   rgNorm  Elastic QPobj   +SBS   -SBS    -BS    Pivot     L+U ncp    nS  condHz
   7828     -4.1E-01 1.0E+00      7  9.4E-02  1.4E-09  2.3318754E+03   4469                          43016       706 2.1E+08

   Itns Major Minors    Step   nCon Feasible  Optimal  MeritFunction     L+U BSwap     nS  condHz Penalty
   7856     7    128 1.0E+00     12  7.5E-03  2.4E-02  2.3556153E+03   43016          728 2.1E+08 5.8E+00 _    i
   7946     8     90 1.0E+00     13  2.0E-02  6.7E-03  2.3199741E+03   42612          742 3.7E+08 5.8E+00 _    i

    Itn       QPmult  QPstep   nInf   SumInf   rgNorm  Elastic QPobj   +SBS   -SBS    -BS    Pivot     L+U ncp    nS  condHz
   8046     -6.6E-02 1.0E+00      7  9.0E-02  5.0E-11  2.2686437E+03   4084                          42160       759 3.7E+08

   Itns Major Minors    Step   nCon Feasible  Optimal  MeritFunction     L+U BSwap     nS  condHz Penalty
   8056     9    110 1.0E+00     14  2.0E-02  2.2E-02  2.2839560E+03   42160          769 3.7E+08 5.8E+00 _    i

    Itn       QPmult  QPstep   nInf   SumInf   rgNorm  Elastic QPobj   +SBS   -SBS    -BS    Pivot     L+U ncp    nS  condHz
   8156              7.8E-02      7  8.7E-02  3.2E+00  2.2377811E+03          4883  10068 -1.4E+03   42402       721 1.3E+05
   8256     -7.2E-02 1.0E+00      7  8.7E-02  7.0E-12  2.2348082E+03   9537                          42489       792 1.9E+05

   Itns Major Minors    Step   nCon Feasible  Optimal  MeritFunction     L+U BSwap     nS  condHz Penalty
   8322    10    266 1.0E+00     15  6.3E-03  2.2E-02  2.2602763E+03   42489          857 1.9E+05 5.8E+00 _    i

    Itn       QPmult  QPstep   nInf   SumInf   rgNorm  Elastic QPobj   +SBS   -SBS    -BS    Pivot     L+U ncp    nS  condHz
   8422     -4.3E+00 1.0E+00      6  8.5E-02  1.6E-09  2.1977323E+03   4042                          43588       789 2.7E+08
   8522      2.3E-02 1.0E+00      6  8.5E-02  3.5E-11  2.1956615E+03   9169                          43681       870 2.7E+08

   Itns Major Minors    Step   nCon Feasible  Optimal  MeritFunction     L+U BSwap     nS  condHz Penalty
   8543    11    221 1.0E+00     17  1.9E-02  2.8E-02  2.2203329E+03   43681          890 2.7E+08 5.8E+00 _ m  i
   8619    12     76 1.0E+00     19  8.4E-03  3.6E-03  2.1823927E+03   42260          919 8.6E+07 5.8E+00 _ mR i
   8694    13     75 1.0E+00     21  9.1E-05  3.1E-03  2.1816649E+03   42455          878 8.6E+07 5.8E+00 _sm  i

    Itn       QPmult  QPstep   nInf   SumInf   rgNorm  Elastic QPobj   +SBS   -SBS    -BS    Pivot     L+U ncp    nS  condHz
   8794              3.2E-02      6  8.3E-02  3.4E+03  2.1476700E+03          4035         9.6E-02   46087       780 1.0E+06
   8894              1.0E+00      6  8.3E-02  6.7E-13  2.1447460E+03                                 43599       819 6.1E+04

   Itns Major Minors    Step   nCon Feasible  Optimal  MeritFunction     L+U BSwap     nS  condHz Penalty
   8920    14    226 1.0E+00     23  4.9E-04  2.2E-03  2.1724318E+03   43599   473    845 6.1E+04 5.8E+00 _ m  i
   9002    15     82 1.0E+00     25  2.3E-03  4.9E-03  2.1366018E+03   44507   117    836 1.2E+05 5.8E+00 _ m  i

    Itn       QPmult  QPstep   nInf   SumInf   rgNorm  Elastic QPobj   +SBS   -SBS    -BS    Pivot     L+U ncp    nS  condHz
   9102              5.3E-03      6  8.1E-02  3.7E+00  2.1263249E+03          3398   2368 -3.2E-02   43802       736 3.8E+02
   9202      1.4E-02 1.0E+00      6  8.1E-02  2.8E-13  2.1257896E+03   9351                          42684       795 1.0E+05

   Itns Major Minors    Step   nCon Feasible  Optimal  MeritFunction     L+U BSwap     nS  condHz Penalty
   9213    16    211 1.0E+00     27  1.4E-03  2.0E-02  2.1339930E+03   42684    90    806 1.0E+05 5.8E+00 _ m  i
   9309    17     96 1.0E+00     29  2.5E-02  9.3E-03  2.1199503E+03   43663          814 1.4E+04 5.8E+00 _ m  i
   9408    18     99 1.0E+00     31  2.7E-03  2.0E-02  2.1131262E+03   42577          784 2.2E+04 5.8E+00 _ m  i

    Itn       QPmult  QPstep   nInf   SumInf   rgNorm  Elastic QPobj   +SBS   -SBS    -BS    Pivot     L+U ncp    nS  condHz
   9508     -1.1E-02 1.0E+00      6  8.0E-02  1.9E-12  2.1035415E+03   2173                          42418       796 1.4E+04

   Itns Major Minors    Step   nCon Feasible  Optimal  MeritFunction     L+U BSwap     nS  condHz Penalty
   9510    19    102 1.0E+00     33  2.5E-03  3.4E-02  2.1053985E+03   42418          797 1.4E+04 5.8E+00 _ m  i

    Itn       QPmult  QPstep   nInf   SumInf   rgNorm  Elastic QPobj   +SBS   -SBS    -BS    Pivot     L+U ncp    nS  condHz
   9610     -1.0E-02 1.0E+00      6  8.0E-02  2.0E-14  2.0997679E+03   2425                          41638       804 1.4E+04

   Itns Major Minors    Step   nCon Feasible  Optimal  MeritFunction     L+U BSwap     nS  condHz Penalty
   9610    20    100 1.0E+00     35  1.9E-03  3.2E-02  2.1019565E+03   41638          804 1.4E+04 5.8E+00 _ m  i
   9690    21     80 1.0E+00     37  2.3E-03  3.4E-02  2.0985003E+03   45739   230    801 5.6E+03 5.8E+00 _ m  i
   9762    22     72 1.0E+00     39  1.4E-03  3.6E-02  2.0966001E+03   43394          777 5.0E+03 5.8E+00 _ m  i
   9775    23     13 1.0E+00     41  1.5E-03  9.2E-03  2.0947972E+03   42146          773 5.1E+03 5.8E+00 _ mR i

    Itn       QPmult  QPstep   nInf   SumInf   rgNorm  Elastic QPobj   +SBS   -SBS    -BS    Pivot     L+U ncp    nS  condHz
   9875              1.4E-03      6  7.8E-02  5.5E+00  2.0850022E+03          4424        -2.5E-01   42063       673 9.0E+02
   9975              2.4E-02      6  7.5E-02  3.9E+01  2.0624710E+03          3290   2263 -2.8E-02   41046       573 4.3E+02
  10075              5.3E-01      6  7.4E-02  3.1E-01  2.0537159E+03          4288   4354  1.1E+00   41405       509 2.3E+07
  10175              8.9E-01      6  7.3E-02  7.1E-02  2.0496889E+03          5232  11547 -1.0E+00   41039       542 1.2E+04
  10275              1.0E+00      6  7.3E-02  7.3E-14  2.0479107E+03                                 41451       568 3.0E+04
  10375     -2.4E-02 1.0E+00      6  7.3E-02  6.4E-13  2.0466647E+03   4041                          40867       624 4.9E+03

   Itns Major Minors    Step   nCon Feasible  Optimal  MeritFunction     L+U BSwap     nS  condHz Penalty
  10418    24    643 1.0E+00     43  9.0E-05  7.6E-03  2.0943341E+03   40867          665 4.9E+03 5.8E+00 _sm  i

    Itn       QPmult  QPstep   nInf   SumInf   rgNorm  Elastic QPobj   +SBS   -SBS    -BS    Pivot     L+U ncp    nS  condHz
  10518              1.3E-02      6  7.1E-02  4.4E+01  2.0124145E+03          3613   2581 -2.5E-01   41989       565 3.7E+02
  10618              1.8E-01      5  6.7E-02  2.5E-01  1.9561182E+03          2603   9063            40401       481 3.4E+01
  10718      1.3E+00 1.1E-02      5  6.7E-02  1.3E+00  1.9432237E+03  10472   4841        -2.0E-04   41184       490 6.6E+03
  10818     -7.6E-01 1.0E+00      5  6.7E-02  3.6E-07  1.9376393E+03   2086                          41419       523 5.0E+03
  10918      6.8E-01 1.0E+00      5  6.7E-02  9.6E-09  1.9355142E+03   5023                          41502       569 4.2E+06
  11018              1.0E+00      5  6.7E-02  3.6E-07  1.9345734E+03                                 41733       604 1.6E+04
  11118     -3.5E-02 1.0E+00      5  6.7E-02  3.9E-08  1.9342141E+03   3121                          41733       659 2.9E+08
  11218              1.0E+00      5  6.7E-02  2.7E-11  1.9340988E+03                                 41733       715 3.4E+08

   Itns Major Minors    Step   nCon Feasible  Optimal  MeritFunction     L+U BSwap     nS  condHz Penalty
  11240    25    822 5.2E-01     46  2.2E-02  5.2E-03  2.0586662E+03   41733          730 3.4E+08 5.8E+00 _ m  iT

    Itn       QPmult  QPstep   nInf   SumInf   rgNorm  Elastic QPobj   +SBS   -SBS    -BS    Pivot     L+U ncp    nS  condHz
  11340     -3.4E-02 1.1E-01      5  6.7E-02  3.0E-02  1.9223943E+03   9557   4838        -1.6E-05   41392       742 5.0E+06

   Itns Major Minors    Step   nCon Feasible  Optimal  MeritFunction     L+U BSwap     nS  condHz Penalty
  11367    26    127 5.8E-01     49  3.8E-02  2.6E-03  2.0031446E+03   41392          768 5.0E+06 5.8E+00 _ m  i
